<?xml version="1.0" encoding="UTF-8"?>
<!-- Generated by org.testng.reporters.JUnitReportReporter -->
<testsuite skipped="0" hostname="VAIO" name="com.zoopla.qa.test.HomePageTest" tests="1" failures="0" timestamp="19 May 2019 13:22:21 GMT" time="88.810" errors="0">
  <testcase name="homepage" time="88.810" classname="com.zoopla.qa.test.HomePageTest"/>
</testsuite> <!-- com.zoopla.qa.test.HomePageTest -->
