<?xml version="1.0" encoding="UTF-8"?>
<!-- Generated by org.testng.reporters.JUnitReportReporter -->
<testsuite skipped="0" hostname="VAIO" name="com.zoopla.qa.test.PropListTest" tests="1" failures="0" timestamp="19 May 2019 16:29:27 GMT" time="43.885" errors="0">
  <testcase name="listpropTest" time="43.885" classname="com.zoopla.qa.test.PropListTest"/>
</testsuite> <!-- com.zoopla.qa.test.PropListTest -->
